2022-01-27 17:17:52,613 — Format 3 — INFO — CHI0023N20v44.xls processing
2022-01-27 17:17:53,945 — Format 3 — INFO — CHI0023N20v44.xls processing complete
2022-01-27 17:17:54,359 — Format 3 — ERROR — Program Terminated
2022-01-27 17:17:54,359 — Format 3 — INFO — Duration: 0:00:04.365325
2022-01-27 17:19:55,142 — Format 3 — INFO — CHI0023N20v44.xls processing
2022-01-27 17:19:56,277 — Format 3 — INFO — CHI0023N20v44.xls processing complete
2022-01-27 17:19:58,691 — Format 3 — INFO — Duration: 0:00:06.229340
2022-01-27 17:30:23,636 — Format 3 — INFO — CHI0023N20v44.xls processing
2022-01-27 17:30:24,796 — Format 3 — INFO — CHI0023N20v44.xls processing complete
2022-01-27 17:30:27,160 — Format 3 — INFO — Duration: 0:00:05.936159
2022-01-27 17:37:04,137 — Format 3 — INFO — CHI0023N20v44.xls processing
2022-01-27 17:37:05,469 — Format 3 — INFO — CHI0023N20v44.xls processing complete
2022-01-27 17:37:07,805 — Format 3 — INFO — Duration: 0:00:06.432305
2022-01-27 17:47:16,648 — Format 3 — INFO — CHI0023N20v44.xls processing
2022-01-27 17:47:17,792 — Format 3 — INFO — CHI0023N20v44.xls processing complete
2022-01-27 17:47:20,393 — Format 3 — INFO — Duration: 0:00:06.654928
2022-01-27 17:49:01,639 — Format 3 — INFO — CHI0023N20v44.xls processing
2022-01-27 17:49:02,833 — Format 3 — INFO — CHI0023N20v44.xls processing complete
2022-01-27 17:49:05,608 — Format 3 — INFO — Duration: 0:00:06.745958
2022-01-27 17:51:30,312 — Format 3 — INFO — CHI0023N20v44.xls processing
2022-01-27 17:51:31,523 — Format 3 — INFO — CHI0023N20v44.xls processing complete
2022-01-27 17:51:34,038 — Format 3 — INFO — Duration: 0:00:06.224011
2022-01-27 18:02:25,065 — Format 3 — INFO — CHI0023N20v44.xls processing
2022-01-27 18:02:26,340 — Format 3 — INFO — CHI0023N20v44.xls processing complete
2022-01-27 18:02:29,435 — Format 3 — INFO — Duration: 0:00:06.810017
2022-01-27 18:15:26,137 — Format 3 — INFO — CHI0023N20v44.xls processing
2022-01-27 18:15:27,625 — Format 3 — INFO — CHI0023N20v44.xls processing complete
2022-01-27 18:15:30,082 — Format 3 — INFO — Duration: 0:00:06.896720
2022-01-27 18:16:28,806 — Format 3 — INFO — CHI0023N20v44.xls processing
2022-01-27 18:16:30,237 — Format 3 — INFO — CHI0023N20v44.xls processing complete
2022-01-27 18:16:32,569 — Format 3 — INFO — Duration: 0:00:06.395693
2022-01-27 18:27:06,491 — Format 3 — INFO — CHI0023N20v44.xls processing
2022-01-27 18:27:07,782 — Format 3 — INFO — CHI0023N20v44.xls processing complete
2022-01-27 18:27:10,076 — Format 3 — INFO — Duration: 0:00:06.086760
2022-01-27 18:36:26,307 — Format 3 — INFO — CHI0023N20v44.xls processing
2022-01-27 18:36:27,741 — Format 3 — INFO — CHI0023N20v44.xls processing complete
2022-01-27 18:36:30,338 — Format 3 — INFO — Duration: 0:00:06.904533
2022-01-27 18:45:59,334 — Format 3 — INFO — CHI0023N20v44.xls processing
2022-01-27 18:46:00,694 — Format 3 — INFO — CHI0023N20v44.xls processing complete
2022-01-27 18:46:03,187 — Format 3 — INFO — Duration: 0:00:06.357995
2022-01-28 09:34:23,353 — Format 3 — INFO — ATL0123N20v30.xls processing
2022-01-28 09:34:23,611 — Format 3 — ERROR — Program Terminated
2022-01-28 09:34:23,611 — Format 3 — INFO — Duration: 0:00:00.664420
2022-01-28 09:38:23,803 — Format 3 — INFO — ATL0123N20v30.xls processing
2022-01-28 09:38:23,923 — Format 3 — ERROR — ATL0123N20v30.xls : Error occured in <valid to date> extraction
2022-01-28 09:38:23,931 — Format 3 — ERROR — Program Terminated
2022-01-28 09:38:23,931 — Format 3 — INFO — Duration: 0:00:00.475674
2022-01-28 09:39:12,267 — Format 3 — INFO — ATL0123N20v30.xls processing
2022-01-28 09:39:12,762 — Format 3 — ERROR — Program Terminated
2022-01-28 09:39:12,766 — Format 3 — INFO — Duration: 0:00:01.277002
2022-01-28 09:41:14,789 — Format 3 — INFO — ATL0123N20v30.xls processing
2022-01-28 09:41:15,019 — Format 3 — ERROR — Program Terminated
2022-01-28 09:41:15,019 — Format 3 — INFO — Duration: 0:00:00.561920
2022-01-28 09:41:45,087 — Format 3 — INFO — ATL0123N20v30.xls processing
2022-01-28 09:41:45,394 — Format 3 — ERROR — Program Terminated
2022-01-28 09:41:45,394 — Format 3 — INFO — Duration: 0:00:00.666018
2022-01-28 09:42:32,614 — Format 3 — INFO — ATL0123N20v30.xls processing
2022-01-28 09:42:32,902 — Format 3 — ERROR — Program Terminated
2022-01-28 09:42:32,902 — Format 3 — INFO — Duration: 0:00:00.741982
2022-01-28 09:43:06,661 — Format 3 — INFO — ATL0123N20v30.xls processing
2022-01-28 09:43:06,963 — Format 3 — ERROR — Program Terminated
2022-01-28 09:43:06,963 — Format 3 — INFO — Duration: 0:00:00.834435
2022-01-28 09:43:32,969 — Format 3 — INFO — ATL0123N20v30.xls processing
2022-01-28 09:43:33,311 — Format 3 — ERROR — Program Terminated
2022-01-28 09:43:33,311 — Format 3 — INFO — Duration: 0:00:00.726084
2022-01-28 09:48:00,337 — Format 3 — INFO — CHI0023N20v44.xls processing
2022-01-28 09:48:01,549 — Format 3 — INFO — CHI0023N20v44.xls processing complete
2022-01-28 09:48:03,751 — Format 3 — INFO — Duration: 0:00:05.370192
2022-01-28 09:49:17,851 — Format 3 — INFO — ATL0123N20v30.xls processing
2022-01-28 09:49:18,186 — Format 3 — ERROR — Program Terminated
2022-01-28 09:49:18,186 — Format 3 — INFO — Duration: 0:00:00.676309
2022-01-28 09:50:46,745 — Format 3 — INFO — ATL0123N20v30.xls processing
2022-01-28 09:50:47,702 — Format 3 — ERROR — Program Terminated
2022-01-28 09:50:47,704 — Format 3 — INFO — Duration: 0:00:03.472994
2022-01-28 09:51:55,983 — Format 3 — INFO — ATL0123N20v30.xls processing
2022-01-28 09:51:56,217 — Format 3 — ERROR — Program Terminated
2022-01-28 09:51:56,217 — Format 3 — INFO — Duration: 0:00:00.569938
2022-01-28 09:52:23,177 — Format 3 — INFO — CHI0023N20v44.xls processing
2022-01-28 09:52:24,426 — Format 3 — INFO — CHI0023N20v44.xls processing complete
2022-01-28 09:52:26,372 — Format 3 — INFO — Duration: 0:00:05.049371
2022-01-28 10:03:32,698 — Format 3 — INFO — CHI0023N20v44.xls processing
2022-01-28 10:03:33,995 — Format 3 — INFO — CHI0023N20v44.xls processing complete
2022-01-28 10:03:34,002 — Format 3 — INFO — Duration: 0:00:03.313454
2022-01-28 10:49:08,760 — Format 3 — INFO — CHI0023N20v44.xls processing
2022-01-28 10:49:09,090 — Format 3 — ERROR — CHI0023N20v44.xls : Error occured in <valid to date> extraction
2022-01-28 10:49:10,141 — Format 3 — INFO — CHI0023N20v44.xls processing complete
2022-01-28 10:49:10,149 — Format 3 — INFO — Duration: 0:00:04.369932
2022-01-28 10:49:50,769 — Format 3 — INFO — CHI0023N20v44.xls processing
2022-01-28 10:49:51,992 — Format 3 — INFO — CHI0023N20v44.xls processing complete
2022-01-28 10:49:52,012 — Format 3 — INFO — Duration: 0:00:03.394905
2022-01-28 10:50:51,198 — Format 3 — INFO — CHI0023N20v44.xls processing
2022-01-28 10:50:51,480 — Format 3 — ERROR — CHI0023N20v44.xls : Error occured in <valid to date> extraction
2022-01-28 10:50:52,652 — Format 3 — INFO — CHI0023N20v44.xls processing complete
2022-01-28 10:50:52,662 — Format 3 — INFO — Duration: 0:00:03.522746
2022-01-28 10:53:50,434 — Format 3 — INFO — CHI0023N20v44.xls processing
2022-01-28 10:53:51,756 — Format 3 — INFO — CHI0023N20v44.xls processing complete
2022-01-28 10:53:51,762 — Format 3 — INFO — Duration: 0:00:03.403367
2022-01-28 10:57:55,675 — Format 3 — INFO — CHI0023N20v44.xls processing
2022-01-28 10:57:56,886 — Format 3 — INFO — CHI0023N20v44.xls processing complete
2022-01-28 10:57:56,896 — Format 3 — INFO — Duration: 0:00:03.426818
2022-01-28 11:09:07,213 — Format 3 — INFO — CHI0023N20v44.xls processing
2022-01-28 11:09:09,063 — Format 3 — INFO — CHI0023N20v44.xls processing complete
2022-01-28 11:09:11,429 — Format 3 — INFO — Duration: 0:00:07.037028
2022-01-28 11:09:41,609 — Format 3 — INFO — CHI0023N20v44.xls processing
2022-01-28 11:09:42,941 — Format 3 — INFO — CHI0023N20v44.xls processing complete
2022-01-28 11:09:45,264 — Format 3 — INFO — Duration: 0:00:06.429210
2022-01-28 11:23:23,053 — Format 3 — INFO — CHI0023N20v45.xls processing
2022-01-28 11:23:24,540 — Format 3 — INFO — CHI0023N20v45.xls processing complete
2022-01-28 11:23:28,241 — Format 3 — INFO — Duration: 0:00:07.868986
2022-01-28 11:45:50,423 — Format 3 — INFO — CHI0023N20v44.xls processing
2022-01-28 11:45:51,603 — Format 3 — INFO — CHI0023N20v44.xls processing complete
2022-01-28 11:45:53,834 — Format 3 — INFO — Duration: 0:00:05.447321
2022-01-28 11:51:29,149 — Format 3 — INFO — ATL0123N20v30.xls processing
2022-01-28 11:51:29,389 — Format 3 — ERROR — Program Terminated
2022-01-28 11:51:29,390 — Format 3 — INFO — Duration: 0:00:00.599970
2022-01-28 11:57:53,670 — Format 3 — INFO — ATL0123N20v30.xls processing
2022-01-28 11:57:53,790 — Format 3 — ERROR — ATL0123N20v30.xls <valid from date> not extracted
2022-01-28 11:57:53,860 — Format 3 — ERROR — ATL0123N20v30.xls : Error occured in <valid to date> extraction
2022-01-28 11:57:53,870 — Format 3 — ERROR — Program Terminated
2022-01-28 11:57:53,871 — Format 3 — INFO — Duration: 0:00:00.564496
2022-01-28 11:58:55,433 — Format 3 — INFO — ATL0123N20v30.xls processing
2022-01-28 11:58:55,679 — Format 3 — ERROR — Program Terminated
2022-01-28 11:58:55,679 — Format 3 — INFO — Duration: 0:00:00.616970
2022-01-28 11:59:45,286 — Format 3 — INFO — ATL0123N20v30.xls processing
2022-01-28 11:59:45,559 — Format 3 — ERROR — Program Terminated
2022-01-28 11:59:45,560 — Format 3 — INFO — Duration: 0:00:00.624356
2022-01-28 12:02:45,914 — Format 3 — INFO — ATL0123N20v30.xls processing
2022-01-28 12:02:46,183 — Format 3 — ERROR — Program Terminated
2022-01-28 12:02:46,184 — Format 3 — INFO — Duration: 0:00:00.626397
2022-01-28 12:15:08,394 — Format 3 — INFO — ATL0123N20v30.xls processing
2022-01-28 12:15:08,656 — Format 3 — ERROR — Program Terminated
2022-01-28 12:15:08,656 — Format 3 — INFO — Duration: 0:00:00.728052
2022-01-28 12:29:44,511 — Format 3 — INFO — ATL0123N20v30.xls processing
2022-01-28 12:29:44,804 — Format 3 — ERROR — Program Terminated
2022-01-28 12:29:44,805 — Format 3 — INFO — Duration: 0:00:00.667641
2022-01-28 12:30:17,464 — Format 3 — INFO — CHI0023N20v44.xls processing
2022-01-28 12:30:18,762 — Format 3 — INFO — CHI0023N20v44.xls processing complete
2022-01-28 12:30:18,775 — Format 3 — INFO — Duration: 0:00:03.082781
2022-01-28 12:30:33,364 — Format 3 — INFO — ATL0123N20v30.xls processing
2022-01-28 12:30:33,615 — Format 3 — ERROR — Program Terminated
2022-01-28 12:30:33,615 — Format 3 — INFO — Duration: 0:00:00.702093
2022-01-28 12:31:18,433 — Format 3 — INFO — ATL0123N20v30.xls processing
2022-01-28 12:31:18,707 — Format 3 — ERROR — Program Terminated
2022-01-28 12:31:18,707 — Format 3 — INFO — Duration: 0:00:00.797007
2022-01-28 12:31:55,495 — Format 3 — INFO — ATL0123N20v30.xls processing
2022-01-28 12:31:55,753 — Format 3 — ERROR — Program Terminated
2022-01-28 12:31:55,753 — Format 3 — INFO — Duration: 0:00:00.700534
2022-01-28 12:32:51,335 — Format 3 — INFO — ATL0123N20v30.xls processing
2022-01-28 12:32:51,590 — Format 3 — ERROR — Program Terminated
2022-01-28 12:32:51,591 — Format 3 — INFO — Duration: 0:00:00.668764
2022-01-28 12:33:09,852 — Format 3 — INFO — ATL0123N20v30.xls processing
2022-01-28 12:33:10,168 — Format 3 — ERROR — Program Terminated
2022-01-28 12:33:10,169 — Format 3 — INFO — Duration: 0:00:00.735826
2022-01-28 12:33:57,284 — Format 3 — INFO — ATL0123N20v30.xls processing
2022-01-28 12:33:57,574 — Format 3 — ERROR — Program Terminated
2022-01-28 12:33:57,575 — Format 3 — INFO — Duration: 0:00:00.634284
2022-01-28 12:34:35,386 — Format 3 — INFO — ATL0123N20v30.xls processing
2022-01-28 12:34:35,641 — Format 3 — ERROR — Program Terminated
2022-01-28 12:34:35,641 — Format 3 — INFO — Duration: 0:00:00.587284
2022-01-28 12:36:58,581 — Format 3 — INFO — ATL0123N20v30.xls processing
2022-01-28 12:36:58,846 — Format 3 — ERROR — Program Terminated
2022-01-28 12:36:58,846 — Format 3 — INFO — Duration: 0:00:00.634357
2022-01-28 12:37:23,616 — Format 3 — INFO — ATL0123N20v30.xls processing
2022-01-28 12:37:23,882 — Format 3 — ERROR — Program Terminated
2022-01-28 12:37:23,883 — Format 3 — INFO — Duration: 0:00:00.734040
2022-01-28 12:37:59,497 — Format 3 — INFO — ATL0123N20v30.xls processing
2022-01-28 12:37:59,798 — Format 3 — ERROR — Program Terminated
2022-01-28 12:37:59,798 — Format 3 — INFO — Duration: 0:00:00.638102
2022-01-28 12:38:11,536 — Format 3 — INFO — ATL0123N20v30.xls processing
2022-01-28 12:38:11,775 — Format 3 — ERROR — Program Terminated
2022-01-28 12:38:11,775 — Format 3 — INFO — Duration: 0:00:00.574025
2022-01-28 12:38:34,059 — Format 3 — INFO — ATL0123N20v30.xls processing
2022-01-28 12:38:34,302 — Format 3 — ERROR — Program Terminated
2022-01-28 12:38:34,302 — Format 3 — INFO — Duration: 0:00:00.601299
2022-01-28 12:38:52,194 — Format 3 — INFO — ATL0123N20v30.xls processing
2022-01-28 12:38:52,449 — Format 3 — ERROR — Program Terminated
2022-01-28 12:38:52,449 — Format 3 — INFO — Duration: 0:00:00.669872
2022-01-28 12:39:10,887 — Format 3 — INFO — ATL0123N20v30.xls processing
2022-01-28 12:39:11,191 — Format 3 — ERROR — Program Terminated
2022-01-28 12:39:11,191 — Format 3 — INFO — Duration: 0:00:00.681301
2022-01-28 12:39:27,746 — Format 3 — INFO — ATL0123N20v30.xls processing
2022-01-28 12:39:27,991 — Format 3 — ERROR — Program Terminated
2022-01-28 12:39:27,991 — Format 3 — INFO — Duration: 0:00:00.591817
2022-01-28 12:39:54,604 — Format 3 — INFO — ATL0123N20v30.xls processing
2022-01-28 12:39:54,844 — Format 3 — ERROR — Program Terminated
2022-01-28 12:39:54,845 — Format 3 — INFO — Duration: 0:00:00.613000
2022-01-28 12:40:19,055 — Format 3 — INFO — ATL0123N20v30.xls processing
2022-01-28 12:40:19,298 — Format 3 — ERROR — Program Terminated
2022-01-28 12:40:19,299 — Format 3 — INFO — Duration: 0:00:00.582659
2022-01-28 12:40:50,284 — Format 3 — INFO — ATL0123N20v30.xls processing
2022-01-28 12:40:50,541 — Format 3 — ERROR — Program Terminated
2022-01-28 12:40:50,541 — Format 3 — INFO — Duration: 0:00:00.619637
2022-01-28 12:41:11,016 — Format 3 — INFO — ATL0123N20v30.xls processing
2022-01-28 12:41:11,251 — Format 3 — ERROR — Program Terminated
2022-01-28 12:41:11,252 — Format 3 — INFO — Duration: 0:00:00.567814
2022-01-28 12:44:35,167 — Format 3 — INFO — ATL0123N20v30.xls processing
2022-01-28 12:44:35,414 — Format 3 — ERROR — Program Terminated
2022-01-28 12:44:35,414 — Format 3 — INFO — Duration: 0:00:00.692015
2022-01-28 12:51:24,782 — Format 3 — INFO — ATL0123N20v30.xls processing
2022-01-28 12:51:25,028 — Format 3 — ERROR — Program Terminated
2022-01-28 12:51:25,028 — Format 3 — INFO — Duration: 0:00:00.590143
2022-01-28 13:03:53,074 — Format 3 — INFO — ATL0123N20v30.xls processing
2022-01-28 13:03:53,321 — Format 3 — ERROR — Program Terminated
2022-01-28 13:03:53,322 — Format 3 — INFO — Duration: 0:00:00.710370
2022-01-28 13:04:35,792 — Format 3 — INFO — ATL0123N20v30.xls processing
2022-01-28 13:04:36,031 — Format 3 — ERROR — Program Terminated
2022-01-28 13:04:36,031 — Format 3 — INFO — Duration: 0:00:00.582594
2022-01-28 13:04:49,986 — Format 3 — INFO — ATL0123N20v30.xls processing
2022-01-28 13:04:50,245 — Format 3 — ERROR — Program Terminated
2022-01-28 13:04:50,245 — Format 3 — INFO — Duration: 0:00:00.662011
2022-01-28 13:05:27,162 — Format 3 — INFO — ATL0123N20v30.xls processing
2022-01-28 13:05:27,408 — Format 3 — ERROR — Program Terminated
2022-01-28 13:05:27,408 — Format 3 — INFO — Duration: 0:00:00.601030
2022-01-28 13:06:00,285 — Format 3 — INFO — ATL0123N20v30.xls processing
2022-01-28 13:06:00,565 — Format 3 — ERROR — Program Terminated
2022-01-28 13:06:00,566 — Format 3 — INFO — Duration: 0:00:00.626013
2022-01-28 13:06:28,619 — Format 3 — INFO — ATL0123N20v30.xls processing
2022-01-28 13:06:28,863 — Format 3 — INFO — Duration: 0:00:00.590385
2022-01-28 13:06:44,322 — Format 3 — INFO — ATL0123N20v30.xls processing
2022-01-28 13:06:44,607 — Format 3 — ERROR — Program Terminated
2022-01-28 13:06:44,607 — Format 3 — INFO — Duration: 0:00:00.630054
2022-01-28 13:14:17,756 — Format 3 — INFO — ATL0123N20v30.xls processing
2022-01-28 13:14:18,060 — Format 3 — ERROR — Program Terminated
2022-01-28 13:14:18,060 — Format 3 — INFO — Duration: 0:00:00.666216
2022-01-28 13:15:34,078 — Format 3 — INFO — ATL0123N20v30.xls processing
2022-01-28 13:15:34,337 — Format 3 — ERROR — Program Terminated
2022-01-28 13:15:34,338 — Format 3 — INFO — Duration: 0:00:00.740890
2022-01-28 13:21:18,131 — Format 3 — INFO — ATL0123N20v30.xls processing
2022-01-28 13:21:18,390 — Format 3 — ERROR — Program Terminated
2022-01-28 13:21:18,390 — Format 3 — INFO — Duration: 0:00:00.737982
2022-01-28 13:21:46,298 — Format 3 — INFO — ATL0123N20v30.xls processing
2022-01-28 13:21:46,546 — Format 3 — ERROR — Program Terminated
2022-01-28 13:21:46,546 — Format 3 — INFO — Duration: 0:00:00.617900
2022-01-28 13:36:00,367 — Format 3 — INFO — ATL0123N20v30.xls processing
2022-01-28 13:36:00,648 — Format 3 — ERROR — Program Terminated
2022-01-28 13:36:00,648 — Format 3 — INFO — Duration: 0:00:00.672456
2022-01-28 13:37:56,383 — Format 3 — INFO — ATL0123N20v30.xls processing
2022-01-28 13:37:56,618 — Format 3 — ERROR — Program Terminated
2022-01-28 13:37:56,618 — Format 3 — INFO — Duration: 0:00:00.634356
2022-01-28 13:38:56,127 — Format 3 — INFO — ATL0123N20v30.xls processing
2022-01-28 13:38:56,354 — Format 3 — ERROR — ATL0123N20v30.xls : Error occured in <valid to date> extraction
2022-01-28 13:38:56,363 — Format 3 — ERROR — Program Terminated
2022-01-28 13:38:56,364 — Format 3 — INFO — Duration: 0:00:00.737101
2022-01-28 13:40:06,058 — Format 3 — INFO — ATL0123N20v30.xls processing
2022-01-28 13:40:06,298 — Format 3 — ERROR — Program Terminated
2022-01-28 13:40:06,299 — Format 3 — INFO — Duration: 0:00:00.582529
2022-01-28 13:40:28,476 — Format 3 — INFO — ATL0123N20v30.xls processing
2022-01-28 13:40:28,671 — Format 3 — ERROR — ATL0123N20v30.xls : Error occured in <valid to date> extraction
2022-01-28 13:40:28,693 — Format 3 — ERROR — Program Terminated
2022-01-28 13:40:28,693 — Format 3 — INFO — Duration: 0:00:00.554793
2022-01-28 13:40:49,543 — Format 3 — INFO — ATL0123N20v30.xls processing
2022-01-28 13:40:49,876 — Format 3 — ERROR — Program Terminated
2022-01-28 13:40:49,877 — Format 3 — INFO — Duration: 0:00:00.658692
2022-01-28 13:41:16,310 — Format 3 — INFO — ATL0123N20v30.xls processing
2022-01-28 13:41:16,512 — Format 3 — ERROR — ATL0123N20v30.xls : Error occured in <valid to date> extraction
2022-01-28 13:41:16,529 — Format 3 — ERROR — Program Terminated
2022-01-28 13:41:16,530 — Format 3 — INFO — Duration: 0:00:00.574043
2022-01-28 13:53:18,582 — Format 3 — INFO — ATL0123N20v30.xls processing
2022-01-28 13:53:18,792 — Format 3 — ERROR — ATL0123N20v30.xls : Error occured in <valid to date> extraction
2022-01-28 13:53:18,800 — Format 3 — ERROR — Program Terminated
2022-01-28 13:53:18,801 — Format 3 — INFO — Duration: 0:00:00.597517
2022-01-28 13:53:28,047 — Format 3 — INFO — ATL0123N20v30.xls processing
2022-01-28 13:53:28,281 — Format 3 — ERROR — ATL0123N20v30.xls : Error occured in <valid to date> extraction
2022-01-28 13:53:28,294 — Format 3 — ERROR — Program Terminated
2022-01-28 13:53:28,294 — Format 3 — INFO — Duration: 0:00:00.971376
2022-01-28 14:00:15,558 — Format 3 — INFO — ATL0123N20v30.xls processing
2022-01-28 14:00:15,779 — Format 3 — ERROR — ATL0123N20v30.xls : Error occured in <valid to date> extraction
2022-01-28 14:00:15,790 — Format 3 — ERROR — Program Terminated
2022-01-28 14:00:15,790 — Format 3 — INFO — Duration: 0:00:00.733165
2022-01-28 14:06:58,115 — Format 3 — INFO — ATL0123N20v30.xls processing
2022-01-28 14:06:58,413 — Format 3 — INFO — Duration: 0:00:00.838744
2022-01-28 14:07:30,766 — Format 3 — INFO — ATL0123N20v30.xls processing
2022-01-28 14:07:31,084 — Format 3 — INFO — Duration: 0:00:00.780661
2022-01-28 14:11:14,642 — Format 3 — INFO — ATL0123N20v30.xls processing
2022-01-28 14:11:15,086 — Format 3 — ERROR — Program Terminated
2022-01-28 14:11:15,087 — Format 3 — INFO — Duration: 0:00:00.898199
2022-01-28 14:12:40,426 — Format 3 — INFO — ATL0123N20v30.xls processing
2022-01-28 14:12:41,619 — Format 3 — INFO — Duration: 0:00:01.682684
2022-01-28 14:14:23,352 — Format 3 — INFO — ATL0123N20v30.xls processing
2022-01-28 14:14:24,360 — Format 3 — ERROR — Program Terminated
2022-01-28 14:14:24,361 — Format 3 — INFO — Duration: 0:00:01.483889
2022-01-28 14:16:06,093 — Format 3 — INFO — ATL0123N20v30.xls processing
2022-01-28 14:16:07,417 — Format 3 — ERROR — Program Terminated
2022-01-28 14:16:07,419 — Format 3 — INFO — Duration: 0:00:01.914376
2022-01-28 15:04:14,302 — Format 3 — INFO — ATL0123N20v30.xls processing
2022-01-28 15:04:16,113 — Format 3 — INFO — ATL0123N20v30.xls processing complete
2022-01-28 15:04:16,133 — Format 3 — INFO — Duration: 0:00:02.190825
2022-01-28 15:04:49,752 — Format 3 — INFO — ATL0123N20v30.xls processing
2022-01-28 15:04:51,571 — Format 3 — INFO — ATL0123N20v30.xls processing complete
2022-01-28 15:04:51,579 — Format 3 — INFO — Duration: 0:00:02.171388
2022-01-28 15:05:44,019 — Format 3 — INFO — CHI0023N20v44.xls processing
2022-01-28 15:05:45,455 — Format 3 — INFO — CHI0023N20v44.xls processing complete
2022-01-28 15:05:47,611 — Format 3 — INFO — Duration: 0:00:05.523034
2022-01-28 15:10:48,964 — Format 3 — INFO — CHI0023N20v45.xls processing
2022-01-28 15:10:50,156 — Format 3 — INFO — CHI0023N20v45.xls processing complete
2022-01-28 15:10:52,126 — Format 3 — INFO — Duration: 0:00:05.254066
2022-01-28 15:13:46,406 — Format 3 — INFO — ATL0123N20v30.xls processing
2022-01-28 15:13:48,227 — Format 3 — INFO — ATL0123N20v30.xls processing complete
2022-01-28 15:13:50,363 — Format 3 — INFO — Duration: 0:00:04.278427
2022-07-05 11:20:35,666 — Format 3 — ERROR — Program Terminated
2022-07-05 11:20:35,672 — Format 3 — INFO — Duration: 0:00:00.708516
2022-07-05 11:22:56,324 — Format 3 — ERROR — Program Terminated
2022-07-05 11:22:56,325 — Format 3 — INFO — Duration: 0:00:00.477721
